<?xml version="1.0" encoding="UTF-8"?>
<testsuite name="ChocolateChipCookieTest" tests="1" skipped="0" failures="0" errors="0" timestamp="2021-10-10T17:39:00" hostname="DESKTOP-HE8EEEB" time="0.01">
  <properties/>
  <testcase name="printRecipe_givenChocolateChipCookie_PrintsCookieProperties" classname="ChocolateChipCookieTest" time="0.01"/>
  <system-out><![CDATA[]]></system-out>
  <system-err><![CDATA[]]></system-err>
</testsuite>
