<?xml version="1.0" encoding="UTF-8"?>
<testsuite name="OatmealRaisinCookieTest" tests="1" skipped="0" failures="0" errors="0" timestamp="2021-10-10T18:37:35" hostname="DESKTOP-HE8EEEB" time="0.018">
  <properties/>
  <testcase name="printRecipe_givenOatmealRaisin_PrintsCookieProperties" classname="OatmealRaisinCookieTest" time="0.018"/>
  <system-out><![CDATA[]]></system-out>
  <system-err><![CDATA[]]></system-err>
</testsuite>
